This file contains any messages produced by compilers while
running configure, to aid debugging if configure makes a mistake.

It was created by mlnx_sai configure 3.0.0000, which was
generated by GNU Autoconf 2.72.  Invocation command line was

  $ ./configure --prefix=/usr

## --------- ##
## Platform. ##
## --------- ##

hostname = fedora
uname -m = x86_64
uname -r = 6.18.12-100.fc42.x86_64
uname -s = Linux
uname -v = #1 SMP PREEMPT_DYNAMIC Mon Feb 16 20:02:34 UTC 2026

/usr/bin/uname -p = unknown
/bin/uname -X     = unknown

/bin/arch              = x86_64
/usr/bin/arch -k       = unknown
/usr/convex/getsysinfo = unknown
/usr/bin/hostinfo      = unknown
/bin/machine           = unknown
/usr/bin/oslevel       = unknown
/bin/universe          = unknown

PATH: /home/ivan/.local/bin/
PATH: /home/ivan/bin/
PATH: /usr/lib64/ccache/
PATH: /usr/local/bin/
PATH: /usr/bin/
PATH: /bin/
PATH: /usr/local/sbin/
PATH: /usr/sbin/
PATH: /sbin/


## ----------- ##
## Core tests. ##
## ----------- ##

configure:2076: loading site script /usr/share/config.site
| # This is the config.site file to satisfy FHS defaults when installing below
| # /usr.
| #
| # You may override this file by your config.site using the CONFIG_SITE env
| # variable.
| #
| # Note: This file includes also RHEL/Fedora fix for installing libraries into
| # "/lib/lib64" on 64bit systems.
| 
| if test -n "$host"; then
|     # skip when cross-compiling
|     return 0
| fi
| 
| if test "$prefix" = /usr \
|    || { test "$prefix" = NONE && test "$ac_default_prefix" = /usr ; }
| then
|     test "$sysconfdir" = '${prefix}/etc' && sysconfdir=/etc
|     test "$sharedstatedir" = '${prefix}/com' && sharedstatedir=/var
|     test "$localstatedir" = '${prefix}/var' && localstatedir=/var
| 
|     ARCH=`uname -m`
|     for i in x86_64 ppc64 s390x aarch64; do
|         if test $ARCH = $i; then
|             test "$libdir" = '${exec_prefix}/lib' && libdir='${exec_prefix}/lib64'
|             break
|         fi
|     done
| fi
configure:2452: looking for aux files: config.guess config.sub ltmain.sh compile missing install-sh
configure:2465:  trying ./config/
configure:2494:   ./config/config.guess found
configure:2494:   ./config/config.sub found
configure:2494:   ./config/ltmain.sh found
configure:2494:   ./config/compile found
configure:2494:   ./config/missing found
configure:2476:   ./config/install-sh found
configure:2638: checking for a BSD-compatible install
configure:2712: result: /usr/bin/install -c
configure:2723: checking whether sleep supports fractional seconds
configure:2739: result: yes
configure:2742: checking filesystem timestamp resolution
configure:2877: result: 0.01
configure:2882: checking whether build environment is sane
configure:2923: result: yes
configure:3094: checking for a race-free mkdir -p
configure:3137: result: /usr/bin/mkdir -p
configure:3144: checking for gawk
configure:3165: found /usr/bin/gawk
configure:3177: result: gawk
configure:3188: checking whether make sets $(MAKE)
configure:3212: result: yes
configure:3238: checking whether make supports nested variables
configure:3257: result: yes
configure:3271: checking xargs -n works
configure:3287: result: yes
configure:3387: checking whether to enable maintainer-specific portions of Makefiles
configure:3398: result: no
configure:3412: checking whether make sets $(MAKE)
configure:3436: result: yes
configure:3447: checking whether ln -s works
configure:3451: result: yes
configure:3521: checking for gcc
configure:3542: found /usr/lib64/ccache/gcc
configure:3554: result: gcc
configure:3913: checking for C compiler version
configure:3922: gcc --version >&5
gcc (GCC) 15.2.1 20260123 (Red Hat 15.2.1-7)
Copyright (C) 2025 Free Software Foundation, Inc.
This is free software; see the source for copying conditions.  There is NO
warranty; not even for MERCHANTABILITY or FITNESS FOR A PARTICULAR PURPOSE.

configure:3933: $? = 0
configure:3922: gcc -v >&5
Using built-in specs.
COLLECT_GCC=/usr/bin/gcc
COLLECT_LTO_WRAPPER=/usr/libexec/gcc/x86_64-redhat-linux/15/lto-wrapper
OFFLOAD_TARGET_NAMES=nvptx-none:amdgcn-amdhsa
OFFLOAD_TARGET_DEFAULT=1
Target: x86_64-redhat-linux
Configured with: ../configure --enable-bootstrap --enable-languages=c,c++,fortran,objc,obj-c++,ada,go,d,m2,cobol,lto --prefix=/usr --mandir=/usr/share/man --infodir=/usr/share/info --with-bugurl=https://bugzilla.redhat.com/ --enable-shared --enable-threads=posix --enable-checking=release --enable-multilib --with-system-zlib --enable-__cxa_atexit --disable-libunwind-exceptions --enable-gnu-unique-object --enable-linker-build-id --with-gcc-major-version-only --enable-libstdcxx-backtrace --with-libstdcxx-zoneinfo=/usr/share/zoneinfo --with-linker-hash-style=gnu --enable-plugin --enable-initfini-array --with-isl=/builddir/build/BUILD/gcc-15.2.1-build/gcc-15.2.1-20260123/obj-x86_64-redhat-linux/isl-install --enable-offload-targets=nvptx-none,amdgcn-amdhsa --enable-offload-defaulted --without-cuda-driver --enable-gnu-indirect-function --enable-cet --with-tune=generic --with-arch_32=i686 --build=x86_64-redhat-linux --with-build-config=bootstrap-lto --enable-link-serialization=1 --disable-libssp
Thread model: posix
Supported LTO compression algorithms: zlib zstd
gcc version 15.2.1 20260123 (Red Hat 15.2.1-7) (GCC) 
... rest of stderr output deleted ...
configure:3933: $? = 0
configure:3922: gcc -V >&5
gcc: error: unrecognized command-line option '-V'
gcc: fatal error: no input files
compilation terminated.
configure:3933: $? = 1
configure:3922: gcc -qversion >&5
gcc: error: unrecognized command-line option '-qversion'; did you mean '--version'?
gcc: fatal error: no input files
compilation terminated.
configure:3933: $? = 1
configure:3922: gcc -version >&5
gcc: error: unrecognized command-line option '-version'
gcc: fatal error: no input files
compilation terminated.
configure:3933: $? = 1
configure:3953: checking whether the C compiler works
configure:3975: gcc    conftest.c  >&5
configure:3979: $? = 0
configure:4030: result: yes
configure:4034: checking for C compiler default output file name
configure:4036: result: a.out
configure:4042: checking for suffix of executables
configure:4049: gcc -o conftest    conftest.c  >&5
configure:4053: $? = 0
configure:4077: result: 
configure:4101: checking whether we are cross compiling
configure:4109: gcc -o conftest    conftest.c  >&5
configure:4113: $? = 0
configure:4120: ./conftest
configure:4124: $? = 0
configure:4139: result: no
configure:4145: checking for suffix of object files
configure:4168: gcc -c   conftest.c >&5
configure:4172: $? = 0
configure:4196: result: o
configure:4200: checking whether the compiler supports GNU C
configure:4220: gcc -c   conftest.c >&5
configure:4220: $? = 0
configure:4232: result: yes
configure:4243: checking whether gcc accepts -g
configure:4264: gcc -c -g  conftest.c >&5
configure:4264: $? = 0
configure:4311: result: yes
configure:4331: checking for gcc option to enable C11 features
configure:4346: gcc  -c -g -O2  conftest.c >&5
configure:4346: $? = 0
configure:4365: result: none needed
configure:4489: checking whether gcc understands -c and -o together
configure:4512: gcc -c conftest.c -o conftest2.o
configure:4515: $? = 0
configure:4512: gcc -c conftest.c -o conftest2.o
configure:4515: $? = 0
configure:4528: result: yes
configure:4548: checking whether make supports the include directive
configure:4563: make -f confmf.GNU && cat confinc.out
this is the am__doit target
configure:4566: $? = 0
configure:4585: result: yes (GNU style)
configure:4611: checking dependency style of gcc
configure:4724: result: gcc3
configure:4772: checking build system type
configure:4788: result: x86_64-pc-linux-gnu
configure:4808: checking host system type
configure:4823: result: x86_64-pc-linux-gnu
configure:4864: checking how to print strings
configure:4891: result: printf
configure:4912: checking for a sed that does not truncate output
configure:4984: result: /usr/bin/sed
configure:5002: checking for grep that handles long lines and -e
configure:5068: result: /usr/bin/grep
configure:5073: checking for egrep
configure:5143: result: /usr/bin/grep -E
configure:5150: checking for fgrep
configure:5220: result: /usr/bin/grep -F
configure:5257: checking for ld used by gcc
configure:5326: result: /usr/bin/ld
configure:5333: checking if the linker (/usr/bin/ld) is GNU ld
configure:5350: result: yes
configure:5362: checking for BSD- or MS-compatible name lister (nm)
configure:5418: result: /usr/bin/nm -B
configure:5560: checking the name lister (/usr/bin/nm -B) interface
configure:5568: gcc -c -g -O2  conftest.c >&5
configure:5571: /usr/bin/nm -B "conftest.o"
configure:5574: output
0000000000000000 B some_variable
configure:5582: result: BSD nm
configure:5586: checking the maximum length of command line arguments
configure:5719: result: 1572864
configure:5767: checking how to convert x86_64-pc-linux-gnu file names to x86_64-pc-linux-gnu format
configure:5809: result: func_convert_file_noop
configure:5816: checking how to convert x86_64-pc-linux-gnu file names to toolchain format
configure:5838: result: func_convert_file_noop
configure:5845: checking for /usr/bin/ld option to reload object files
configure:5854: result: -r
configure:5887: checking for file
configure:5908: found /usr/bin/file
configure:5921: result: file
configure:5984: checking for objdump
configure:6005: found /usr/bin/objdump
configure:6017: result: objdump
configure:6049: checking how to recognize dependent libraries
configure:6258: result: pass_all
configure:6349: checking for dlltool
configure:6385: result: no
configure:6415: checking how to associate runtime and link libraries
configure:6444: result: printf %s\n
configure:6505: checking for ranlib
configure:6526: found /usr/bin/ranlib
configure:6538: result: ranlib
configure:6615: checking for ar
configure:6636: found /usr/bin/ar
configure:6648: result: ar
configure:6701: checking for archiver @FILE support
configure:6719: gcc -c -g -O2  conftest.c >&5
configure:6719: $? = 0
configure:6723: ar cr libconftest.a @conftest.lst >&5
configure:6726: $? = 0
configure:6731: ar cr libconftest.a @conftest.lst >&5
ar: conftest.o: No such file or directory
configure:6734: $? = 1
configure:6747: result: @
configure:6811: checking for strip
configure:6832: found /usr/bin/strip
configure:6844: result: strip
configure:6947: checking command to parse /usr/bin/nm -B output from gcc object
configure:7101: gcc -c -g -O2  conftest.c >&5
configure:7104: $? = 0
configure:7108: /usr/bin/nm -B conftest.o | /usr/bin/sed -n -e 's/^.*[	 ]\([ABCDGIRSTW][ABCDGIRSTW]*\)[	 ][	 ]*\([_A-Za-z][_A-Za-z0-9]*\)$/\1 \2 \2/p' | /usr/bin/sed '/ __gnu_lto/d' > conftest.nm
configure:7174: gcc -o conftest -g -O2   conftest.c conftstm.o >&5
configure:7177: $? = 0
configure:7216: result: ok
configure:7263: checking for sysroot
configure:7297: result: no
configure:7304: checking for a working dd
configure:7349: result: /usr/bin/dd
configure:7353: checking how to truncate binary pipes
configure:7370: result: /usr/bin/dd bs=4096 count=1
configure:7507: gcc -c -g -O2  conftest.c >&5
configure:7510: $? = 0
configure:7710: checking for mt
configure:7746: result: no
configure:7766: checking if : is a manifest tool
configure:7773: : '-?'
configure:7782: result: no
configure:8579: checking for stdio.h
configure:8579: gcc -c -g -O2  conftest.c >&5
configure:8579: $? = 0
configure:8579: result: yes
configure:8579: checking for stdlib.h
configure:8579: gcc -c -g -O2  conftest.c >&5
configure:8579: $? = 0
configure:8579: result: yes
configure:8579: checking for string.h
configure:8579: gcc -c -g -O2  conftest.c >&5
configure:8579: $? = 0
configure:8579: result: yes
configure:8579: checking for inttypes.h
configure:8579: gcc -c -g -O2  conftest.c >&5
configure:8579: $? = 0
configure:8579: result: yes
configure:8579: checking for stdint.h
configure:8579: gcc -c -g -O2  conftest.c >&5
configure:8579: $? = 0
configure:8579: result: yes
configure:8579: checking for strings.h
configure:8579: gcc -c -g -O2  conftest.c >&5
configure:8579: $? = 0
configure:8579: result: yes
configure:8579: checking for sys/stat.h
configure:8579: gcc -c -g -O2  conftest.c >&5
configure:8579: $? = 0
configure:8579: result: yes
configure:8579: checking for sys/types.h
configure:8579: gcc -c -g -O2  conftest.c >&5
configure:8579: $? = 0
configure:8579: result: yes
configure:8579: checking for unistd.h
configure:8579: gcc -c -g -O2  conftest.c >&5
configure:8579: $? = 0
configure:8579: result: yes
configure:8604: checking for dlfcn.h
configure:8604: gcc -c -g -O2  conftest.c >&5
configure:8604: $? = 0
configure:8604: result: yes
configure:8907: checking for objdir
configure:8924: result: .libs
configure:9186: checking if gcc supports -fno-rtti -fno-exceptions
configure:9205: gcc -c -g -O2  -fno-rtti -fno-exceptions conftest.c >&5
cc1: warning: command-line option '-fno-rtti' is valid for C++/D/ObjC++ but not for C
configure:9209: $? = 0
configure:9223: result: no
configure:9596: checking for gcc option to produce PIC
configure:9605: result: -fPIC -DPIC
configure:9613: checking if gcc PIC flag -fPIC -DPIC works
configure:9632: gcc -c -g -O2  -fPIC -DPIC -DPIC conftest.c >&5
configure:9636: $? = 0
configure:9650: result: yes
configure:9679: checking if gcc static flag -static works
configure:9709: result: no
configure:9724: checking if gcc supports -c -o file.o
configure:9746: gcc -c -g -O2  -o out/conftest2.o conftest.c >&5
configure:9750: $? = 0
configure:9773: result: yes
configure:9781: checking if gcc supports -c -o file.o
configure:9830: result: yes
configure:9863: checking whether the gcc linker (/usr/bin/ld -m elf_x86_64) supports shared libraries
configure:11147: result: yes
configure:11184: checking whether -lc should be explicitly linked in
configure:11193: gcc -c -g -O2  conftest.c >&5
configure:11196: $? = 0
configure:11211: gcc -shared  -fPIC -DPIC conftest.o  -v -Wl,-soname -Wl,conftest -o conftest 2\>\&1 \| /usr/bin/grep  -lc  \>/dev/null 2\>\&1
configure:11214: $? = 0
configure:11229: result: no
configure:11389: checking dynamic linker characteristics
configure:12008: gcc -o conftest -g -O2   -Wl,-rpath -Wl,/foo conftest.c  >&5
configure:12008: $? = 0
configure:12776: result: GNU/Linux ld.so
configure:12898: checking how to hardcode library paths into programs
configure:12923: result: immediate
configure:13523: checking whether stripping libraries is possible
configure:13532: result: yes
configure:13574: checking if libtool supports shared libraries
configure:13576: result: yes
configure:13579: checking whether to build shared libraries
configure:13604: result: yes
configure:13607: checking whether to build static libraries
configure:13611: result: yes
configure:13652: checking for egrep
configure:13722: result: /usr/bin/grep -E
configure:13730: checking for sys/types.h
configure:13730: result: yes
configure:13736: checking for stdio.h
configure:13736: result: yes
configure:13742: checking for stdlib.h
configure:13742: result: yes
configure:13748: checking for string.h
configure:13748: result: yes
configure:13756: checking for _Bool
configure:13756: gcc -c -g -O2  conftest.c >&5
configure:13756: $? = 0
configure:13756: gcc -c -g -O2  conftest.c >&5
conftest.c: In function 'main':
conftest.c:58:20: error: expected expression before ')' token
   58 | if (sizeof ((_Bool)))
      |                    ^
configure:13756: $? = 1
configure: failed program was:
| /* confdefs.h */
| #define PACKAGE_NAME "mlnx_sai"
| #define PACKAGE_TARNAME "mlnx_sai"
| #define PACKAGE_VERSION "3.0.0000"
| #define PACKAGE_STRING "mlnx_sai 3.0.0000"
| #define PACKAGE_BUGREPORT ""
| #define PACKAGE_URL ""
| #define PACKAGE "mlnx_sai"
| #define VERSION "3.0.0000"
| #define HAVE_STDIO_H 1
| #define HAVE_STDLIB_H 1
| #define HAVE_STRING_H 1
| #define HAVE_INTTYPES_H 1
| #define HAVE_STDINT_H 1
| #define HAVE_STRINGS_H 1
| #define HAVE_SYS_STAT_H 1
| #define HAVE_SYS_TYPES_H 1
| #define HAVE_UNISTD_H 1
| #define STDC_HEADERS 1
| #define HAVE_DLFCN_H 1
| #define LT_OBJDIR ".libs/"
| #define HAVE_SYS_TYPES_H 1
| #define HAVE_STDIO_H 1
| #define HAVE_STDLIB_H 1
| #define HAVE_STRING_H 1
| /* end confdefs.h.  */
| #include <stddef.h>
| #ifdef HAVE_STDIO_H
| # include <stdio.h>
| #endif
| #ifdef HAVE_STDLIB_H
| # include <stdlib.h>
| #endif
| #ifdef HAVE_STRING_H
| # include <string.h>
| #endif
| #ifdef HAVE_INTTYPES_H
| # include <inttypes.h>
| #endif
| #ifdef HAVE_STDINT_H
| # include <stdint.h>
| #endif
| #ifdef HAVE_STRINGS_H
| # include <strings.h>
| #endif
| #ifdef HAVE_SYS_TYPES_H
| # include <sys/types.h>
| #endif
| #ifdef HAVE_SYS_STAT_H
| # include <sys/stat.h>
| #endif
| #ifdef HAVE_UNISTD_H
| # include <unistd.h>
| #endif
| int
| main (void)
| {
| if (sizeof ((_Bool)))
| 	    return 0;
|   ;
|   return 0;
| }
configure:13756: result: yes
configure:13765: checking for stdbool.h that conforms to C99 or later
configure:13840: gcc -c -g -O2  conftest.c >&5
configure:13840: $? = 0
configure:13850: result: yes
configure:13859: checking for an ANSI C-conforming const
configure:13926: gcc -c -g -O2  conftest.c >&5
configure:13926: $? = 0
configure:13936: result: yes
configure:13944: checking for inline
configure:13961: gcc -c -g -O2  conftest.c >&5
configure:13961: $? = 0
configure:13971: result: inline
configure:14170: checking that generated files are newer than configure
configure:14176: result: done
configure:14219: creating ./config.status

## ---------------------- ##
## Running config.status. ##
## ---------------------- ##

This file was extended by mlnx_sai config.status 3.0.0000, which was
generated by GNU Autoconf 2.72.  Invocation command line was

  CONFIG_FILES    = 
  CONFIG_HEADERS  = 
  CONFIG_LINKS    = 
  CONFIG_COMMANDS = 
  $ ./config.status 

on fedora

config.status:1103: creating Makefile
config.status:1103: creating src/Makefile
config.status:1103: creating config.h
config.status:1332: executing depfiles commands
config.status:1409: cd src       && sed -e '/# am--include-marker/d' Makefile         | make -f - am--depfiles
make: Nothing to be done for 'am--depfiles'.
config.status:1414: $? = 0
config.status:1332: executing libtool commands

## ---------------- ##
## Cache variables. ##
## ---------------- ##

ac_cv_build=x86_64-pc-linux-gnu
ac_cv_c_compiler_gnu=yes
ac_cv_c_const=yes
ac_cv_c_inline=inline
ac_cv_env_CC_set=
ac_cv_env_CC_value=
ac_cv_env_CFLAGS_set=
ac_cv_env_CFLAGS_value=
ac_cv_env_CPPFLAGS_set=
ac_cv_env_CPPFLAGS_value=
ac_cv_env_LDFLAGS_set=
ac_cv_env_LDFLAGS_value=
ac_cv_env_LIBS_set=
ac_cv_env_LIBS_value=
ac_cv_env_LT_SYS_LIBRARY_PATH_set=
ac_cv_env_LT_SYS_LIBRARY_PATH_value=
ac_cv_env_build_alias_set=
ac_cv_env_build_alias_value=
ac_cv_env_host_alias_set=
ac_cv_env_host_alias_value=
ac_cv_env_target_alias_set=
ac_cv_env_target_alias_value=
ac_cv_header_dlfcn_h=yes
ac_cv_header_inttypes_h=yes
ac_cv_header_stdbool_h=yes
ac_cv_header_stdint_h=yes
ac_cv_header_stdio_h=yes
ac_cv_header_stdlib_h=yes
ac_cv_header_string_h=yes
ac_cv_header_strings_h=yes
ac_cv_header_sys_stat_h=yes
ac_cv_header_sys_types_h=yes
ac_cv_header_unistd_h=yes
ac_cv_host=x86_64-pc-linux-gnu
ac_cv_objext=o
ac_cv_path_EGREP='/usr/bin/grep -E'
ac_cv_path_EGREP_TRADITIONAL='/usr/bin/grep -E'
ac_cv_path_FGREP='/usr/bin/grep -F'
ac_cv_path_GREP=/usr/bin/grep
ac_cv_path_SED=/usr/bin/sed
ac_cv_path_install='/usr/bin/install -c'
ac_cv_path_lt_DD=/usr/bin/dd
ac_cv_path_mkdir=/usr/bin/mkdir
ac_cv_prog_AWK=gawk
ac_cv_prog_FILECMD=file
ac_cv_prog_ac_ct_AR=ar
ac_cv_prog_ac_ct_CC=gcc
ac_cv_prog_ac_ct_OBJDUMP=objdump
ac_cv_prog_ac_ct_RANLIB=ranlib
ac_cv_prog_ac_ct_STRIP=strip
ac_cv_prog_cc_c11=
ac_cv_prog_cc_g=yes
ac_cv_prog_cc_stdc=
ac_cv_prog_make_make_set=yes
ac_cv_type__Bool=yes
am_cv_CC_dependencies_compiler_type=gcc3
am_cv_filesystem_timestamp_resolution=0.01
am_cv_make_support_nested_variables=yes
am_cv_prog_cc_c_o=yes
am_cv_sleep_fractional_seconds=yes
am_cv_xargs_n_works=yes
lt_cv_ar_at_file=@
lt_cv_archive_cmds_need_lc=no
lt_cv_deplibs_check_method=pass_all
lt_cv_file_magic_cmd='$MAGIC_CMD'
lt_cv_file_magic_test_file=
lt_cv_ld_reload_flag=-r
lt_cv_nm_interface='BSD nm'
lt_cv_objdir=.libs
lt_cv_path_LD=/usr/bin/ld
lt_cv_path_NM='/usr/bin/nm -B'
lt_cv_path_manifest_tool=no
lt_cv_prog_compiler_c_o=yes
lt_cv_prog_compiler_pic='-fPIC -DPIC'
lt_cv_prog_compiler_pic_works=yes
lt_cv_prog_compiler_rtti_exceptions=no
lt_cv_prog_compiler_static_works=no
lt_cv_prog_gnu_ld=yes
lt_cv_sharedlib_from_linklib_cmd='printf %s\n'
lt_cv_shlibpath_overrides_runpath=yes
lt_cv_sys_global_symbol_pipe='/usr/bin/sed -n -e '\''s/^.*[	 ]\([ABCDGIRSTW][ABCDGIRSTW]*\)[	 ][	 ]*\([_A-Za-z][_A-Za-z0-9]*\)$/\1 \2 \2/p'\'' | /usr/bin/sed '\''/ __gnu_lto/d'\'''
lt_cv_sys_global_symbol_to_c_name_address='/usr/bin/sed -n -e '\''s/^: \(.*\) .*$/  {"\1", (void *) 0},/p'\'' -e '\''s/^[ABCDGIRSTW][ABCDGIRSTW]* .* \(.*\)$/  {"\1", (void *) \&\1},/p'\'''
lt_cv_sys_global_symbol_to_c_name_address_lib_prefix='/usr/bin/sed -n -e '\''s/^: \(.*\) .*$/  {"\1", (void *) 0},/p'\'' -e '\''s/^[ABCDGIRSTW][ABCDGIRSTW]* .* \(lib.*\)$/  {"\1", (void *) \&\1},/p'\'' -e '\''s/^[ABCDGIRSTW][ABCDGIRSTW]* .* \(.*\)$/  {"lib\1", (void *) \&\1},/p'\'''
lt_cv_sys_global_symbol_to_cdecl='/usr/bin/sed -n -e '\''s/^T .* \(.*\)$/extern int \1();/p'\'' -e '\''s/^[ABCDGIRSTW][ABCDGIRSTW]* .* \(.*\)$/extern char \1;/p'\'''
lt_cv_sys_global_symbol_to_import=
lt_cv_sys_max_cmd_len=1572864
lt_cv_to_host_file_cmd=func_convert_file_noop
lt_cv_to_tool_file_cmd=func_convert_file_noop
lt_cv_truncate_bin='/usr/bin/dd bs=4096 count=1'

## ----------------- ##
## Output variables. ##
## ----------------- ##

ACLOCAL='${SHELL} '\''/home/ivan/SAI_fork_hw_ivan_sen/stub/config/missing'\'' aclocal-1.17'
AMDEPBACKSLASH='\'
AMDEP_FALSE='#'
AMDEP_TRUE=''
AMTAR='$${TAR-tar}'
AM_BACKSLASH='\'
AM_DEFAULT_V='$(AM_DEFAULT_VERBOSITY)'
AM_DEFAULT_VERBOSITY='1'
AM_V='$(V)'
APP_LIB_PATH='/usr/local'
AR='ar'
AUTOCONF='${SHELL} '\''/home/ivan/SAI_fork_hw_ivan_sen/stub/config/missing'\'' autoconf'
AUTOHEADER='${SHELL} '\''/home/ivan/SAI_fork_hw_ivan_sen/stub/config/missing'\'' autoheader'
AUTOMAKE='${SHELL} '\''/home/ivan/SAI_fork_hw_ivan_sen/stub/config/missing'\'' automake-1.17'
AWK='gawk'
CC='gcc'
CCDEPMODE='depmode=gcc3'
CFLAGS='-g -O2'
CFLAGS_SAI_INTERFACE_COMMON='-Wall -Wswitch -Wunused -Werror -fPIC -fno-strict-aliasing -Wextra -Wunused -Wno-unused-parameter'
CPPFLAGS=''
CSCOPE='cscope'
CTAGS='ctags'
CYGPATH_W='echo'
DEBUG_FALSE=''
DEBUG_TRUE='#'
DEFS='-DHAVE_CONFIG_H'
DEPDIR='.deps'
DLLTOOL='false'
DSYMUTIL=''
DUMPBIN=''
ECHO_C=''
ECHO_N='-n'
ECHO_T=''
EGREP='/usr/bin/grep -E'
ETAGS='etags'
EXEEXT=''
FGREP='/usr/bin/grep -F'
FILECMD='file'
GREP='/usr/bin/grep'
INSTALL_DATA='${INSTALL} -m 644'
INSTALL_PROGRAM='${INSTALL}'
INSTALL_SCRIPT='${INSTALL}'
INSTALL_STRIP_PROGRAM='$(install_sh) -c -s'
LD='/usr/bin/ld -m elf_x86_64'
LDFLAGS=''
LIBOBJS=''
LIBS=''
LIBTOOL='$(SHELL) $(top_builddir)/libtool'
LIPO=''
LN_S='ln -s'
LTLIBOBJS=''
LT_SYS_LIBRARY_PATH=''
MAINT='#'
MAINTAINER_MODE_FALSE=''
MAINTAINER_MODE_TRUE='#'
MAKEINFO='${SHELL} '\''/home/ivan/SAI_fork_hw_ivan_sen/stub/config/missing'\'' makeinfo'
MANIFEST_TOOL=':'
MKDIR_P='/usr/bin/mkdir -p'
NM='/usr/bin/nm -B'
NMEDIT=''
OBJDUMP='objdump'
OBJEXT='o'
OTOOL64=''
OTOOL=''
PACKAGE='mlnx_sai'
PACKAGE_BUGREPORT=''
PACKAGE_NAME='mlnx_sai'
PACKAGE_STRING='mlnx_sai 3.0.0000'
PACKAGE_TARNAME='mlnx_sai'
PACKAGE_URL=''
PACKAGE_VERSION='3.0.0000'
PATH_SEPARATOR=':'
RANLIB='ranlib'
SED='/usr/bin/sed'
SET_MAKE=''
SHELL='/bin/sh'
STRIP='strip'
SXD_LIBS_PATH='/usr/local'
SX_COMPLIB_PATH='/usr/local'
VERSION='3.0.0000'
ac_ct_AR='ar'
ac_ct_CC='gcc'
ac_ct_DUMPBIN=''
am__EXEEXT_FALSE=''
am__EXEEXT_TRUE='#'
am__fastdepCC_FALSE='#'
am__fastdepCC_TRUE=''
am__include='include'
am__isrc=''
am__leading_dot='.'
am__nodep='_no'
am__quote=''
am__rm_f_notfound=''
am__tar='$${TAR-tar} chof - "$$tardir"'
am__untar='$${TAR-tar} xf -'
am__xargs_n='xargs -n'
bindir='${exec_prefix}/bin'
build='x86_64-pc-linux-gnu'
build_alias=''
build_cpu='x86_64'
build_os='linux-gnu'
build_vendor='pc'
datadir='${datarootdir}'
datarootdir='${prefix}/share'
docdir='${datarootdir}/doc/${PACKAGE_TARNAME}'
dvidir='${docdir}'
exec_prefix='${prefix}'
host='x86_64-pc-linux-gnu'
host_alias=''
host_cpu='x86_64'
host_os='linux-gnu'
host_vendor='pc'
htmldir='${docdir}'
includedir='${prefix}/include'
infodir='${datarootdir}/info'
install_sh='${SHELL} /home/ivan/SAI_fork_hw_ivan_sen/stub/config/install-sh'
libdir='${exec_prefix}/lib64'
libexecdir='${exec_prefix}/libexec'
localedir='${datarootdir}/locale'
localstatedir='/var'
mandir='${datarootdir}/man'
mkdir_p='$(MKDIR_P)'
oldincludedir='/usr/include'
pdfdir='${docdir}'
prefix='/usr'
program_transform_name='s,x,x,'
psdir='${docdir}'
runstatedir='${localstatedir}/run'
sbindir='${exec_prefix}/sbin'
sharedstatedir='/var'
sysconfdir='/etc'
target_alias=''

## ----------- ##
## confdefs.h. ##
## ----------- ##

/* confdefs.h */
#define PACKAGE_NAME "mlnx_sai"
#define PACKAGE_TARNAME "mlnx_sai"
#define PACKAGE_VERSION "3.0.0000"
#define PACKAGE_STRING "mlnx_sai 3.0.0000"
#define PACKAGE_BUGREPORT ""
#define PACKAGE_URL ""
#define PACKAGE "mlnx_sai"
#define VERSION "3.0.0000"
#define HAVE_STDIO_H 1
#define HAVE_STDLIB_H 1
#define HAVE_STRING_H 1
#define HAVE_INTTYPES_H 1
#define HAVE_STDINT_H 1
#define HAVE_STRINGS_H 1
#define HAVE_SYS_STAT_H 1
#define HAVE_SYS_TYPES_H 1
#define HAVE_UNISTD_H 1
#define STDC_HEADERS 1
#define HAVE_DLFCN_H 1
#define LT_OBJDIR ".libs/"
#define HAVE_SYS_TYPES_H 1
#define HAVE_STDIO_H 1
#define HAVE_STDLIB_H 1
#define HAVE_STRING_H 1
#define HAVE__BOOL 1
#define HAVE_STDBOOL_H 1

configure: exit 0
